<?xml version="1.0" encoding="UTF-8"?>
<!-- Generated by org.testng.reporters.JUnitReportReporter -->
<testsuite skipped="0" hostname="KanaguAnitha" name="MavenProject.MavenTestProject.ValidLogin" tests="1" failures="0" timestamp="22 Feb 2018 10:11:03 GMT" time="104.212" errors="0">
  <testcase name="testValidLogin" time="104.212" classname="MavenProject.MavenTestProject.ValidLogin"/>
</testsuite> <!-- MavenProject.MavenTestProject.ValidLogin -->
