<?xml version="1.0" encoding="UTF-8"?>
<!-- Generated by org.testng.reporters.JUnitReportReporter -->
<testsuite skipped="0" hostname="KanaguAnitha" name="MavenProject.MavenTestProject.InvalidLogin" tests="1" failures="0" timestamp="22 Feb 2018 10:11:03 GMT" time="75.916" errors="0">
  <testcase name="testInvalidLogin" time="75.916" classname="MavenProject.MavenTestProject.InvalidLogin"/>
</testsuite> <!-- MavenProject.MavenTestProject.InvalidLogin -->
